0 info it worked if it ends with ok
1 verbose cli [ 'C:\\Program Files\\nodejs\\node.exe',
1 verbose cli   'C:\\Users\\siri\\AppData\\Roaming\\npm\\node_modules\\npm\\bin\\npm-cli.js',
1 verbose cli   'start' ]
2 info using npm@4.0.3
3 info using node@v6.9.1
4 verbose run-script [ 'prestart', 'start', 'poststart' ]
5 info lifecycle react-practice02@1.0.0~prestart: react-practice02@1.0.0
6 silly lifecycle react-practice02@1.0.0~prestart: no script for prestart, continuing
7 info lifecycle react-practice02@1.0.0~start: react-practice02@1.0.0
8 verbose lifecycle react-practice02@1.0.0~start: unsafe-perm in lifecycle true
9 verbose lifecycle react-practice02@1.0.0~start: PATH: C:\Users\siri\AppData\Roaming\npm\node_modules\npm\bin\node-gyp-bin;C:\Users\siri\Desktop\Self_Study\react-practice02\node_modules\.bin;C:\Python27\;C:\Python27\Scripts;C:\ProgramData\Oracle\Java\javapath;C:\Program Files\Common Files\Microsoft Shared\Windows Live;C:\Program Files (x86)\Common Files\Microsoft Shared\Windows Live;C:\Program Files (x86)\NVIDIA Corporation\PhysX\Common;C:\Program Files (x86)\Intel\iCLS Client\;C:\Program Files\Intel\iCLS Client\;C:\windows\system32;C:\windows;C:\windows\System32\Wbem;C:\windows\System32\WindowsPowerShell\v1.0\;C:\Program Files\Intel\Intel(R) Management Engine Components\DAL;C:\Program Files\Intel\Intel(R) Management Engine Components\IPT;C:\Program Files (x86)\Intel\Intel(R) Management Engine Components\DAL;C:\Program Files (x86)\Intel\Intel(R) Management Engine Components\IPT;C:\Program Files (x86)\Intel\OpenCL SDK\2.0\bin\x86;C:\Program Files (x86)\Intel\OpenCL SDK\2.0\bin\x64;C:\Program Files\Intel\WiFi\bin\;C:\Program Files\Common Files\Intel\WirelessCommon\;C:\Program Files (x86)\Windows Live\Shared;C:\Program Files\Java\jdk1.8.0_111\bin;C:\Program Files\nodejs\;C:\Program Files\MongoDB\Server\3.4\bin;C:\Program Files\Git\cmd;C:\Users\siri\AppData\Roaming\npm
10 verbose lifecycle react-practice02@1.0.0~start: CWD: C:\Users\siri\Desktop\Self_Study\react-practice02
11 silly lifecycle react-practice02@1.0.0~start: Args: [ '/d /s /c', 'webpack-dev-server --hot --host 0.0.0.0' ]
12 silly lifecycle react-practice02@1.0.0~start: Returned: code: 3221225786  signal: null
13 info lifecycle react-practice02@1.0.0~start: Failed to exec start script
14 verbose stack Error: react-practice02@1.0.0 start: `webpack-dev-server --hot --host 0.0.0.0`
14 verbose stack Exit status 3221225786
14 verbose stack     at EventEmitter.<anonymous> (C:\Users\siri\AppData\Roaming\npm\node_modules\npm\lib\utils\lifecycle.js:279:16)
14 verbose stack     at emitTwo (events.js:106:13)
14 verbose stack     at EventEmitter.emit (events.js:191:7)
14 verbose stack     at ChildProcess.<anonymous> (C:\Users\siri\AppData\Roaming\npm\node_modules\npm\lib\utils\spawn.js:40:14)
14 verbose stack     at emitTwo (events.js:106:13)
14 verbose stack     at ChildProcess.emit (events.js:191:7)
14 verbose stack     at maybeClose (internal/child_process.js:877:16)
14 verbose stack     at Process.ChildProcess._handle.onexit (internal/child_process.js:226:5)
15 verbose pkgid react-practice02@1.0.0
16 verbose cwd C:\Users\siri\Desktop\Self_Study\react-practice02
17 error Windows_NT 6.1.7601
18 error argv "C:\\Program Files\\nodejs\\node.exe" "C:\\Users\\siri\\AppData\\Roaming\\npm\\node_modules\\npm\\bin\\npm-cli.js" "start"
19 error node v6.9.1
20 error npm  v4.0.3
21 error code ELIFECYCLE
22 error react-practice02@1.0.0 start: `webpack-dev-server --hot --host 0.0.0.0`
22 error Exit status 3221225786
23 error Failed at the react-practice02@1.0.0 start script 'webpack-dev-server --hot --host 0.0.0.0'.
23 error Make sure you have the latest version of node.js and npm installed.
23 error If you do, this is most likely a problem with the react-practice02 package,
23 error not with npm itself.
23 error Tell the author that this fails on your system:
23 error     webpack-dev-server --hot --host 0.0.0.0
23 error You can get information on how to open an issue for this project with:
23 error     npm bugs react-practice02
23 error Or if that isn't available, you can get their info via:
23 error     npm owner ls react-practice02
23 error There is likely additional logging output above.
24 verbose exit [ 1, true ]
